app/build/outputs/logs/manifest-merger-debug-report.txt
-- Merging decision tree log ---
manifest
ADDED from src\main\AndroidManifest.xml:2:1-133:12
INJECTED from src\main\AndroidManifest.xml:2:1-133:12
INJECTED from src\main\AndroidManifest.xml:2:1-133:12
INJECTED from src\main\AndroidManifest.xml:2:1-133:12
MERGED from [com.android.support:design:26.1.0] AndroidManifest.xml:17:1-31:12
MERGED from [com.google.android.gms:play-services:11.2.2] AndroidManifest.xml:2:1-6:12
MERGED from [com.google.android.gms:play-services-cast-framework:11.2.2] AndroidManifest.xml:2:1-9:12
MERGED from [com.google.android.gms:play-services-cast:11.2.2] AndroidManifest.xml:16:1-19:12
MERGED from [com.android.support:mediarouter-v7:25.2.0] AndroidManifest.xml:17:1-24:12
MERGED from [com.android.support:appcompat-v7:26.1.0] AndroidManifest.xml:17:1-31:12
MERGED from [com.android.support.constraint:constraint-layout:1.0.2] AndroidManifest.xml:2:1-11:12
MERGED from [com.google.firebase:firebase-core:11.2.2] AndroidManifest.xml:2:1-6:12
MERGED from [com.google.firebase:firebase-auth:11.2.2] AndroidManifest.xml:16:1-21:12
MERGED from [com.google.firebase:firebase-database:11.2.2] AndroidManifest.xml:2:1-4:12
MERGED from [com.google.firebase:firebase-messaging:11.2.2] AndroidManifest.xml:16:1-30:12
MERGED from [com.google.android.gms:play-services-auth:11.2.2] AndroidManifest.xml:16:1-26:12
MERGED from [com.google.android.gms:play-services-awareness:11.2.2] AndroidManifest.xml:16:1-19:12
MERGED from [com.google.android.gms:play-services-places:11.2.2] AndroidManifest.xml:16:1-19:12
MERGED from [com.google.android.gms:play-services-wallet:11.2.2] AndroidManifest.xml:16:1-20:12
MERGED from [com.google.android.gms:play-services-maps:11.2.2] AndroidManifest.xml:16:1-25:12
MERGED from [com.google.android.gms:play-services-fitness:11.2.2] AndroidManifest.xml:16:1-19:12
MERGED from [com.google.android.gms:play-services-location:11.2.2] AndroidManifest.xml:2:1-5:12
MERGED from [com.android.support:recyclerview-v7:26.1.0] AndroidManifest.xml:17:1-28:12
MERGED from [com.android.support:transition:26.1.0] AndroidManifest.xml:17:1-28:12
MERGED from [com.google.firebase:firebase-crash:11.2.2] AndroidManifest.xml:16:1-25:12
MERGED from [com.google.android.gms:play-services-tagmanager:11.2.2] AndroidManifest.xml:16:1-18:12
MERGED from [com.google.android.gms:play-services-tagmanager-api:11.2.2] AndroidManifest.xml:16:1-34:12
MERGED from [com.google.firebase:firebase-analytics:11.2.2] AndroidManifest.xml:16:1-35:12
MERGED from [com.google.android.gms:play-services-analytics:11.2.2] AndroidManifest.xml:16:1-27:12
MERGED from [com.google.android.gms:play-services-tagmanager-v4-impl:11.2.2] AndroidManifest.xml:16:1-20:12
MERGED from [com.google.android.gms:play-services-analytics-impl:11.2.2] AndroidManifest.xml:16:1-27:12
MERGED from [com.google.android.gms:play-services-appinvite:11.2.2] AndroidManifest.xml:16:1-27:12
MERGED from [com.google.android.gms:play-services-auth-api-phone:11.2.2] AndroidManifest.xml:2:1-4:12
MERGED from [com.google.android.gms:play-services-auth-base:11.2.2] AndroidManifest.xml:2:1-5:12
MERGED from [com.google.firebase:firebase-config:11.2.2] AndroidManifest.xml:16:1-19:12
MERGED from [com.google.android.gms:play-services-games:11.2.2] AndroidManifest.xml:16:1-19:12
MERGED from [com.google.android.gms:play-services-drive:11.2.2] AndroidManifest.xml:16:1-19:12
MERGED from [com.google.android.gms:play-services-fido:11.2.2] AndroidManifest.xml:2:1-7:12
MERGED from [com.google.firebase:firebase-dynamic-links:11.2.2] AndroidManifest.xml:2:1-6:12
MERGED from [com.google.android.gms:play-services-gcm:11.2.2] AndroidManifest.xml:16:1-24:12
MERGED from [com.google.firebase:firebase-appindexing:11.2.2] AndroidManifest.xml:16:1-19:12
MERGED from [com.google.android.gms:play-services-identity:11.2.2] AndroidManifest.xml:16:1-19:12
MERGED from [com.google.android.gms:play-services-iid:11.2.2] AndroidManifest.xml:16:1-24:12
MERGED from [com.google.android.gms:play-services-instantapps:11.2.2] AndroidManifest.xml:2:1-4:12
MERGED from [com.google.android.gms:play-services-nearby:11.2.2] AndroidManifest.xml:2:1-6:12
MERGED from [com.google.android.gms:play-services-panorama:11.2.2] AndroidManifest.xml:16:1-19:12
MERGED from [com.google.android.gms:play-services-plus:11.2.2] AndroidManifest.xml:16:1-19:12
MERGED from [com.google.android.gms:play-services-safetynet:11.2.2] AndroidManifest.xml:16:1-19:12
MERGED from [com.google.android.gms:play-services-vision:11.2.2] AndroidManifest.xml:2:1-5:12
MERGED from [com.google.android.gms:play-services-vision-common:11.2.2] AndroidManifest.xml:2:1-5:12
MERGED from [com.google.android.gms:play-services-wearable:11.2.2] AndroidManifest.xml:16:1-19:12
MERGED from [com.google.android.gms:play-services-base:11.2.2] AndroidManifest.xml:16:1-21:12
MERGED from [com.google.firebase:firebase-database-connection:11.2.2] AndroidManifest.xml:2:1-4:12
MERGED from [com.google.firebase:firebase-analytics-impl:11.2.2] AndroidManifest.xml:16:1-29:12
MERGED from [com.google.firebase:firebase-iid:11.2.2] AndroidManifest.xml:16:1-50:12
MERGED from [com.google.firebase:firebase-storage:11.2.2] AndroidManifest.xml:2:1-4:12
MERGED from [com.google.firebase:firebase-common:11.2.2] AndroidManifest.xml:2:1-8:12
MERGED from [com.google.android.gms:play-services-tasks:11.2.2] AndroidManifest.xml:2:1-5:12
MERGED from [com.google.android.gms:play-services-ads:11.2.2] AndroidManifest.xml:16:1-18:12
MERGED from [com.google.android.gms:play-services-ads-lite:11.2.2] AndroidManifest.xml:16:1-27:12
MERGED from [com.google.firebase:firebase-storage-common:11.2.2] AndroidManifest.xml:2:1-4:12
MERGED from [com.google.android.gms:play-services-gass:11.2.2] AndroidManifest.xml:2:1-5:12
MERGED from [com.google.android.gms:play-services-basement:11.2.2] AndroidManifest.xml:16:1-23:12
MERGED from [com.android.support:support-v4:26.1.0] AndroidManifest.xml:17:1-31:12
MERGED from [com.android.support:support-fragment:26.1.0] AndroidManifest.xml:17:1-31:12
MERGED from [com.android.support:animated-vector-drawable:26.1.0] AndroidManifest.xml:17:1-28:12
MERGED from [com.android.support:support-core-ui:26.1.0] AndroidManifest.xml:17:1-31:12
MERGED from [com.android.support:support-media-compat:26.1.0] AndroidManifest.xml:17:1-31:12
MERGED from [com.android.support:support-vector-drawable:26.1.0] AndroidManifest.xml:17:1-28:12
MERGED from [com.android.support:palette-v7:25.2.0] AndroidManifest.xml:17:1-25:12
MERGED from [com.android.support:support-core-utils:26.1.0] AndroidManifest.xml:17:1-31:12
MERGED from [com.android.support:support-compat:26.1.0] AndroidManifest.xml:17:1-31:12
MERGED from [android.arch.lifecycle:runtime:1.0.0] AndroidManifest.xml:17:1-30:12
INJECTED from src\main\AndroidManifest.xml:2:1-133:12
INJECTED from src\main\AndroidManifest.xml:2:1-133:12
INJECTED from src\main\AndroidManifest.xml:2:1-133:12
	package
		ADDED from src\main\AndroidManifest.xml:3:5-42
		INJECTED from src\main\AndroidManifest.xml
		INJECTED from src\main\AndroidManifest.xml
	android:versionName
		INJECTED from src\main\AndroidManifest.xml
		ADDED from src\main\AndroidManifest.xml:2:1-133:12
		INJECTED from src\main\AndroidManifest.xml
	android:versionCode
		INJECTED from src\main\AndroidManifest.xml
		ADDED from src\main\AndroidManifest.xml:2:1-133:12
		INJECTED from src\main\AndroidManifest.xml
	xmlns:android
		ADDED from src\main\AndroidManifest.xml:2:11-69
uses-feature#0x00020000
ADDED from src\main\AndroidManifest.xml:10:5-12:35
MERGED from [com.google.android.gms:play-services-maps:11.2.2] AndroidManifest.xml:21:5-77
MERGED from [com.google.android.gms:play-services-maps:11.2.2] AndroidManifest.xml:21:5-77
	android:glEsVersion
		ADDED from src\main\AndroidManifest.xml:11:9-41
	android:required
		ADDED from src\main\AndroidManifest.xml:12:9-32
uses-permission#android.permission.INTERNET
ADDED from src\main\AndroidManifest.xml:14:5-67
MERGED from [com.google.android.gms:play-services-maps:11.2.2] AndroidManifest.xml:20:5-66
MERGED from [com.google.android.gms:play-services-maps:11.2.2] AndroidManifest.xml:20:5-66
MERGED from [com.google.firebase:firebase-crash:11.2.2] AndroidManifest.xml:18:5-66
MERGED from [com.google.firebase:firebase-crash:11.2.2] AndroidManifest.xml:18:5-66
MERGED from [com.google.android.gms:play-services-tagmanager-api:11.2.2] AndroidManifest.xml:20:5-66
MERGED from [com.google.android.gms:play-services-tagmanager-api:11.2.2] AndroidManifest.xml:20:5-66
MERGED from [com.google.firebase:firebase-analytics:11.2.2] AndroidManifest.xml:20:5-66
MERGED from [com.google.firebase:firebase-analytics:11.2.2] AndroidManifest.xml:20:5-66
MERGED from [com.google.android.gms:play-services-analytics:11.2.2] AndroidManifest.xml:20:5-66
MERGED from [com.google.android.gms:play-services-analytics:11.2.2] AndroidManifest.xml:20:5-66
MERGED from [com.google.android.gms:play-services-analytics-impl:11.2.2] AndroidManifest.xml:20:5-66
MERGED from [com.google.android.gms:play-services-analytics-impl:11.2.2] AndroidManifest.xml:20:5-66
MERGED from [com.google.android.gms:play-services-appinvite:11.2.2] AndroidManifest.xml:18:5-66
MERGED from [com.google.android.gms:play-services-appinvite:11.2.2] AndroidManifest.xml:18:5-66
MERGED from [com.google.android.gms:play-services-gcm:11.2.2] AndroidManifest.xml:21:5-66
MERGED from [com.google.android.gms:play-services-gcm:11.2.2] AndroidManifest.xml:21:5-66
MERGED from [com.google.android.gms:play-services-iid:11.2.2] AndroidManifest.xml:21:5-66
MERGED from [com.google.android.gms:play-services-iid:11.2.2] AndroidManifest.xml:21:5-66
MERGED from [com.google.firebase:firebase-analytics-impl:11.2.2] AndroidManifest.xml:20:5-66
MERGED from [com.google.firebase:firebase-analytics-impl:11.2.2] AndroidManifest.xml:20:5-66
MERGED from [com.google.firebase:firebase-iid:11.2.2] AndroidManifest.xml:20:5-66
MERGED from [com.google.firebase:firebase-iid:11.2.2] AndroidManifest.xml:20:5-66
MERGED from [com.google.android.gms:play-services-ads-lite:11.2.2] AndroidManifest.xml:19:5-66
MERGED from [com.google.android.gms:play-services-ads-lite:11.2.2] AndroidManifest.xml:19:5-66
	android:name
		ADDED from src\main\AndroidManifest.xml:14:22-64
uses-permission#android.permission.ACCESS_NETWORK_STATE
ADDED from src\main\AndroidManifest.xml:15:5-79
MERGED from [com.google.android.gms:play-services-maps:11.2.2] AndroidManifest.xml:19:5-78
MERGED from [com.google.android.gms:play-services-maps:11.2.2] AndroidManifest.xml:19:5-78
MERGED from [com.google.android.gms:play-services-tagmanager-api:11.2.2] AndroidManifest.xml:21:5-78
MERGED from [com.google.android.gms:play-services-tagmanager-api:11.2.2] AndroidManifest.xml:21:5-78
MERGED from [com.google.firebase:firebase-analytics:11.2.2] AndroidManifest.xml:21:5-78
MERGED from [com.google.firebase:firebase-analytics:11.2.2] AndroidManifest.xml:21:5-78
MERGED from [com.google.android.gms:play-services-analytics:11.2.2] AndroidManifest.xml:21:5-78
MERGED from [com.google.android.gms:play-services-analytics:11.2.2] AndroidManifest.xml:21:5-78
MERGED from [com.google.android.gms:play-services-analytics-impl:11.2.2] AndroidManifest.xml:21:5-78
MERGED from [com.google.android.gms:play-services-analytics-impl:11.2.2] AndroidManifest.xml:21:5-78
MERGED from [com.google.android.gms:play-services-nearby:11.2.2] AndroidManifest.xml:4:5-78
MERGED from [com.google.android.gms:play-services-nearby:11.2.2] AndroidManifest.xml:4:5-78
MERGED from [com.google.firebase:firebase-analytics-impl:11.2.2] AndroidManifest.xml:21:5-78
MERGED from [com.google.firebase:firebase-analytics-impl:11.2.2] AndroidManifest.xml:21:5-78
MERGED from [com.google.firebase:firebase-iid:11.2.2] AndroidManifest.xml:19:5-78
MERGED from [com.google.firebase:firebase-iid:11.2.2] AndroidManifest.xml:19:5-78
MERGED from [com.google.android.gms:play-services-ads-lite:11.2.2] AndroidManifest.xml:20:5-78
MERGED from [com.google.android.gms:play-services-ads-lite:11.2.2] AndroidManifest.xml:20:5-78
	android:name
		ADDED from src\main\AndroidManifest.xml:15:22-76
uses-permission#android.permission.WRITE_EXTERNAL_STORAGE
ADDED from src\main\AndroidManifest.xml:16:5-81
	android:name
		ADDED from src\main\AndroidManifest.xml:16:22-78
uses-permission#com.google.android.providers.gsf.permission.READ_GSERVICES
ADDED from src\main\AndroidManifest.xml:17:5-98
	android:name
		ADDED from src\main\AndroidManifest.xml:17:22-95
uses-permission#android.permission.ACCESS_FINE_LOCATION
ADDED from src\main\AndroidManifest.xml:22:5-79
	android:name
		ADDED from src\main\AndroidManifest.xml:22:22-76
application
ADDED from src\main\AndroidManifest.xml:31:5-131:19
MERGED from [com.android.support:design:26.1.0] AndroidManifest.xml:25:5-29:19
MERGED from [com.android.support:design:26.1.0] AndroidManifest.xml:25:5-29:19
MERGED from [com.google.android.gms:play-services:11.2.2] AndroidManifest.xml:5:5-20
MERGED from [com.google.android.gms:play-services:11.2.2] AndroidManifest.xml:5:5-20
MERGED from [com.google.android.gms:play-services-cast-framework:11.2.2] AndroidManifest.xml:4:5-8:19
MERGED from [com.google.android.gms:play-services-cast-framework:11.2.2] AndroidManifest.xml:4:5-8:19
MERGED from [com.google.android.gms:play-services-cast:11.2.2] AndroidManifest.xml:18:5-19
MERGED from [com.google.android.gms:play-services-cast:11.2.2] AndroidManifest.xml:18:5-19
MERGED from [com.android.support:mediarouter-v7:25.2.0] AndroidManifest.xml:22:5-20
MERGED from [com.android.support:mediarouter-v7:25.2.0] AndroidManifest.xml:22:5-20
MERGED from [com.android.support:appcompat-v7:26.1.0] AndroidManifest.xml:25:5-29:19
MERGED from [com.android.support:appcompat-v7:26.1.0] AndroidManifest.xml:25:5-29:19
MERGED from [com.android.support.constraint:constraint-layout:1.0.2] AndroidManifest.xml:9:5-20
MERGED from [com.android.support.constraint:constraint-layout:1.0.2] AndroidManifest.xml:9:5-20
MERGED from [com.google.firebase:firebase-core:11.2.2] AndroidManifest.xml:5:5-20
MERGED from [com.google.firebase:firebase-core:11.2.2] AndroidManifest.xml:5:5-20
MERGED from [com.google.firebase:firebase-auth:11.2.2] AndroidManifest.xml:19:5-20:19
MERGED from [com.google.firebase:firebase-auth:11.2.2] AndroidManifest.xml:19:5-20:19
MERGED from [com.google.firebase:firebase-messaging:11.2.2] AndroidManifest.xml:19:5-29:19
MERGED from [com.google.firebase:firebase-messaging:11.2.2] AndroidManifest.xml:19:5-29:19
MERGED from [com.google.android.gms:play-services-auth:11.2.2] AndroidManifest.xml:19:5-25:19
MERGED from [com.google.android.gms:play-services-auth:11.2.2] AndroidManifest.xml:19:5-25:19
MERGED from [com.google.android.gms:play-services-awareness:11.2.2] AndroidManifest.xml:18:5-19
MERGED from [com.google.android.gms:play-services-awareness:11.2.2] AndroidManifest.xml:18:5-19
MERGED from [com.google.android.gms:play-services-places:11.2.2] AndroidManifest.xml:18:5-19
MERGED from [com.google.android.gms:play-services-places:11.2.2] AndroidManifest.xml:18:5-19
MERGED from [com.google.android.gms:play-services-maps:11.2.2] AndroidManifest.xml:24:5-19
MERGED from [com.google.android.gms:play-services-maps:11.2.2] AndroidManifest.xml:24:5-19
MERGED from [com.google.android.gms:play-services-fitness:11.2.2] AndroidManifest.xml:18:5-19
MERGED from [com.google.android.gms:play-services-fitness:11.2.2] AndroidManifest.xml:18:5-19
MERGED from [com.google.android.gms:play-services-location:11.2.2] AndroidManifest.xml:4:5-19
MERGED from [com.google.android.gms:play-services-location:11.2.2] AndroidManifest.xml:4:5-19
MERGED from [com.android.support:recyclerview-v7:26.1.0] AndroidManifest.xml:22:5-26:19
MERGED from [com.android.support:recyclerview-v7:26.1.0] AndroidManifest.xml:22:5-26:19
MERGED from [com.android.support:transition:26.1.0] AndroidManifest.xml:22:5-26:19
MERGED from [com.android.support:transition:26.1.0] AndroidManifest.xml:22:5-26:19
MERGED from [com.google.firebase:firebase-crash:11.2.2] AndroidManifest.xml:22:5-23:19
MERGED from [com.google.firebase:firebase-crash:11.2.2] AndroidManifest.xml:22:5-23:19
MERGED from [com.google.android.gms:play-services-tagmanager-api:11.2.2] AndroidManifest.xml:23:5-33:19
MERGED from [com.google.android.gms:play-services-tagmanager-api:11.2.2] AndroidManifest.xml:23:5-33:19
MERGED from [com.google.firebase:firebase-analytics:11.2.2] AndroidManifest.xml:24:5-34:19
MERGED from [com.google.firebase:firebase-analytics:11.2.2] AndroidManifest.xml:24:5-34:19
MERGED from [com.google.android.gms:play-services-analytics:11.2.2] AndroidManifest.xml:26:5-19
MERGED from [com.google.android.gms:play-services-analytics:11.2.2] AndroidManifest.xml:26:5-19
MERGED from [com.google.android.gms:play-services-tagmanager-v4-impl:11.2.2] AndroidManifest.xml:19:5-19
MERGED from [com.google.android.gms:play-services-tagmanager-v4-impl:11.2.2] AndroidManifest.xml:19:5-19
MERGED from [com.google.android.gms:play-services-analytics-impl:11.2.2] AndroidManifest.xml:26:5-19
MERGED from [com.google.android.gms:play-services-analytics-impl:11.2.2] AndroidManifest.xml:26:5-19
MERGED from [com.google.android.gms:play-services-appinvite:11.2.2] AndroidManifest.xml:19:5-26:19
MERGED from [com.google.android.gms:play-services-appinvite:11.2.2] AndroidManifest.xml:19:5-26:19
MERGED from [com.google.firebase:firebase-config:11.2.2] AndroidManifest.xml:18:5-19
MERGED from [com.google.firebase:firebase-config:11.2.2] AndroidManifest.xml:18:5-19
MERGED from [com.google.android.gms:play-services-games:11.2.2] AndroidManifest.xml:18:5-19
MERGED from [com.google.android.gms:play-services-games:11.2.2] AndroidManifest.xml:18:5-19
MERGED from [com.google.android.gms:play-services-drive:11.2.2] AndroidManifest.xml:18:5-19
MERGED from [com.google.android.gms:play-services-drive:11.2.2] AndroidManifest.xml:18:5-19
MERGED from [com.google.android.gms:play-services-fido:11.2.2] AndroidManifest.xml:5:3-6:17
MERGED from [com.google.android.gms:play-services-fido:11.2.2] AndroidManifest.xml:5:3-6:17
MERGED from [com.google.firebase:firebase-dynamic-links:11.2.2] AndroidManifest.xml:5:3-17
MERGED from [com.google.firebase:firebase-dynamic-links:11.2.2] AndroidManifest.xml:5:3-17
MERGED from [com.google.android.gms:play-services-gcm:11.2.2] AndroidManifest.xml:23:5-19
MERGED from [com.google.android.gms:play-services-gcm:11.2.2] AndroidManifest.xml:23:5-19
MERGED from [com.google.firebase:firebase-appindexing:11.2.2] AndroidManifest.xml:18:5-19
MERGED from [com.google.firebase:firebase-appindexing:11.2.2] AndroidManifest.xml:18:5-19
MERGED from [com.google.android.gms:play-services-identity:11.2.2] AndroidManifest.xml:18:5-19
MERGED from [com.google.android.gms:play-services-identity:11.2.2] AndroidManifest.xml:18:5-19
MERGED from [com.google.android.gms:play-services-iid:11.2.2] AndroidManifest.xml:23:5-19
MERGED from [com.google.android.gms:play-services-iid:11.2.2] AndroidManifest.xml:23:5-19
MERGED from [com.google.android.gms:play-services-nearby:11.2.2] AndroidManifest.xml:5:5-19
MERGED from [com.google.android.gms:play-services-nearby:11.2.2] AndroidManifest.xml:5:5-19
MERGED from [com.google.android.gms:play-services-panorama:11.2.2] AndroidManifest.xml:18:5-19
MERGED from [com.google.android.gms:play-services-panorama:11.2.2] AndroidManifest.xml:18:5-19
MERGED from [com.google.android.gms:play-services-plus:11.2.2] AndroidManifest.xml:18:5-19
MERGED from [com.google.android.gms:play-services-plus:11.2.2] AndroidManifest.xml:18:5-19
MERGED from [com.google.android.gms:play-services-safetynet:11.2.2] AndroidManifest.xml:18:5-19
MERGED from [com.google.android.gms:play-services-safetynet:11.2.2] AndroidManifest.xml:18:5-19
MERGED from [com.google.android.gms:play-services-vision:11.2.2] AndroidManifest.xml:4:5-19
MERGED from [com.google.android.gms:play-services-vision:11.2.2] AndroidManifest.xml:4:5-19
MERGED from [com.google.android.gms:play-services-vision-common:11.2.2] AndroidManifest.xml:4:5-19
MERGED from [com.google.android.gms:play-services-vision-common:11.2.2] AndroidManifest.xml:4:5-19
MERGED from [com.google.android.gms:play-services-wearable:11.2.2] AndroidManifest.xml:18:5-19
MERGED from [com.google.android.gms:play-services-wearable:11.2.2] AndroidManifest.xml:18:5-19
MERGED from [com.google.android.gms:play-services-base:11.2.2] AndroidManifest.xml:18:5-20:19
MERGED from [com.google.android.gms:play-services-base:11.2.2] AndroidManifest.xml:18:5-20:19
MERGED from [com.google.firebase:firebase-analytics-impl:11.2.2] AndroidManifest.xml:24:5-28:19
MERGED from [com.google.firebase:firebase-analytics-impl:11.2.2] AndroidManifest.xml:24:5-28:19
MERGED from [com.google.firebase:firebase-iid:11.2.2] AndroidManifest.xml:28:5-49:19
MERGED from [com.google.firebase:firebase-iid:11.2.2] AndroidManifest.xml:28:5-49:19
MERGED from [com.google.firebase:firebase-common:11.2.2] AndroidManifest.xml:4:5-7:19
MERGED from [com.google.firebase:firebase-common:11.2.2] AndroidManifest.xml:4:5-7:19
MERGED from [com.google.android.gms:play-services-tasks:11.2.2] AndroidManifest.xml:4:5-19
MERGED from [com.google.android.gms:play-services-tasks:11.2.2] AndroidManifest.xml:4:5-19
MERGED from [com.google.android.gms:play-services-ads-lite:11.2.2] AndroidManifest.xml:23:5-26:19
MERGED from [com.google.android.gms:play-services-ads-lite:11.2.2] AndroidManifest.xml:23:5-26:19
MERGED from [com.google.android.gms:play-services-gass:11.2.2] AndroidManifest.xml:4:5-19
MERGED from [com.google.android.gms:play-services-gass:11.2.2] AndroidManifest.xml:4:5-19
MERGED from [com.google.android.gms:play-services-basement:11.2.2] AndroidManifest.xml:19:5-21:19
MERGED from [com.google.android.gms:play-services-basement:11.2.2] AndroidManifest.xml:19:5-21:19
MERGED from [com.android.support:support-v4:26.1.0] AndroidManifest.xml:25:5-29:19
MERGED from [com.android.support:support-v4:26.1.0] AndroidManifest.xml:25:5-29:19
MERGED from [com.android.support:support-fragment:26.1.0] AndroidManifest.xml:25:5-29:19
MERGED from [com.android.support:support-fragment:26.1.0] AndroidManifest.xml:25:5-29:19
MERGED from [com.android.support:animated-vector-drawable:26.1.0] AndroidManifest.xml:22:5-26:19
MERGED from [com.android.support:animated-vector-drawable:26.1.0] AndroidManifest.xml:22:5-26:19
MERGED from [com.android.support:support-core-ui:26.1.0] AndroidManifest.xml:25:5-29:19
MERGED from [com.android.support:support-core-ui:26.1.0] AndroidManifest.xml:25:5-29:19
MERGED from [com.android.support:support-media-compat:26.1.0] AndroidManifest.xml:25:5-29:19
MERGED from [com.android.support:support-media-compat:26.1.0] AndroidManifest.xml:25:5-29:19
MERGED from [com.android.support:support-vector-drawable:26.1.0] AndroidManifest.xml:22:5-26:19
MERGED from [com.android.support:support-vector-drawable:26.1.0] AndroidManifest.xml:22:5-26:19
MERGED from [com.android.support:palette-v7:25.2.0] AndroidManifest.xml:22:5-23:19
MERGED from [com.android.support:palette-v7:25.2.0] AndroidManifest.xml:22:5-23:19
MERGED from [com.android.support:support-core-utils:26.1.0] AndroidManifest.xml:25:5-29:19
MERGED from [com.android.support:support-core-utils:26.1.0] AndroidManifest.xml:25:5-29:19
MERGED from [com.android.support:support-compat:26.1.0] AndroidManifest.xml:25:5-29:19
MERGED from [com.android.support:support-compat:26.1.0] AndroidManifest.xml:25:5-29:19
MERGED from [android.arch.lifecycle:runtime:1.0.0] AndroidManifest.xml:24:5-28:19
MERGED from [android.arch.lifecycle:runtime:1.0.0] AndroidManifest.xml:24:5-28:19
	android:supportsRtl
		ADDED from src\main\AndroidManifest.xml:36:9-35
	android:label
		ADDED from src\main\AndroidManifest.xml:34:9-41
	android:roundIcon
		ADDED from src\main\AndroidManifest.xml:35:9-44
	android:icon
		ADDED from src\main\AndroidManifest.xml:33:9-39
	android:allowBackup
		ADDED from src\main\AndroidManifest.xml:32:9-35
	android:theme
		ADDED from src\main\AndroidManifest.xml:37:9-40
service#com.example.amalv.oneblood1.FetchAddressIntentService
ADDED from src\main\AndroidManifest.xml:38:9-40:40
	android:exported
		ADDED from src\main\AndroidManifest.xml:40:13-37
	android:name
		ADDED from src\main\AndroidManifest.xml:39:13-54
service#com.example.amalv.oneblood1.MyFirebaseMessagingService
ADDED from src\main\AndroidManifest.xml:41:9-48:19
	android:enabled
		ADDED from src\main\AndroidManifest.xml:43:13-35
	android:exported
		ADDED from src\main\AndroidManifest.xml:44:13-36
	android:name
		ADDED from src\main\AndroidManifest.xml:42:13-55
intent-filter#com.google.firebase.MESSAGING_EVENT
ADDED from src\main\AndroidManifest.xml:45:13-47:29
action#com.google.firebase.MESSAGING_EVENT
ADDED from src\main\AndroidManifest.xml:46:17-78
	android:name
		ADDED from src\main\AndroidManifest.xml:46:25-75
service#com.example.amalv.oneblood1.MyFirebaseInstanceIDService
ADDED from src\main\AndroidManifest.xml:49:9-56:19
	android:enabled
		ADDED from src\main\AndroidManifest.xml:51:13-35
	android:exported
		ADDED from src\main\AndroidManifest.xml:52:13-36
	android:name
		ADDED from src\main\AndroidManifest.xml:50:13-56
intent-filter#com.google.firebase.INSTANCE_ID_EVENT
ADDED from src\main\AndroidManifest.xml:53:13-55:29
action#com.google.firebase.INSTANCE_ID_EVENT
ADDED from src\main\AndroidManifest.xml:54:17-80
	android:name
		ADDED from src\main\AndroidManifest.xml:54:25-77
activity#com.example.amalv.oneblood1.SplashActivity
ADDED from src\main\AndroidManifest.xml:57:9-65:20
	android:theme
		ADDED from src\main\AndroidManifest.xml:59:13-47
	android:name
		ADDED from src\main\AndroidManifest.xml:58:13-43
intent-filter#android.intent.action.MAIN+android.intent.category.LAUNCHER
ADDED from src\main\AndroidManifest.xml:60:13-64:29
action#android.intent.action.MAIN
ADDED from src\main\AndroidManifest.xml:61:17-69
	android:name
		ADDED from src\main\AndroidManifest.xml:61:25-66
category#android.intent.category.LAUNCHER
ADDED from src\main\AndroidManifest.xml:63:17-77
	android:name
		ADDED from src\main\AndroidManifest.xml:63:27-74
activity#com.example.amalv.oneblood1.MainActivity
ADDED from src\main\AndroidManifest.xml:66:9-67:20
	android:name
		ADDED from src\main\AndroidManifest.xml:66:19-47
activity#com.example.amalv.oneblood1.LoginActivity
ADDED from src\main\AndroidManifest.xml:68:9-51
	android:name
		ADDED from src\main\AndroidManifest.xml:68:19-48
activity#com.example.amalv.oneblood1.SignupActivity
ADDED from src\main\AndroidManifest.xml:69:9-52
	android:name
		ADDED from src\main\AndroidManifest.xml:69:19-49
activity#com.example.amalv.oneblood1.HomeActivity
ADDED from src\main\AndroidManifest.xml:70:9-73:59
	android:label
		ADDED from src\main\AndroidManifest.xml:72:13-56
	android:theme
		ADDED from src\main\AndroidManifest.xml:73:13-56
	android:name
		ADDED from src\main\AndroidManifest.xml:71:13-41
activity#com.example.amalv.oneblood1.LocateActivity
ADDED from src\main\AndroidManifest.xml:83:9-85:61
	android:label
		ADDED from src\main\AndroidManifest.xml:85:13-58
	android:name
		ADDED from src\main\AndroidManifest.xml:84:13-43
meta-data#com.google.android.gms.version
ADDED from src\main\AndroidManifest.xml:87:9-89:69
MERGED from [com.google.android.gms:play-services-basement:11.2.2] AndroidManifest.xml:20:9-121
MERGED from [com.google.android.gms:play-services-basement:11.2.2] AndroidManifest.xml:20:9-121
	android:value
		ADDED from src\main\AndroidManifest.xml:89:13-66
	android:name
		ADDED from src\main\AndroidManifest.xml:88:13-58
meta-data#com.google.android.geo.API_KEY
ADDED from src\main\AndroidManifest.xml:90:9-92:71
	android:value
		ADDED from src\main\AndroidManifest.xml:92:13-68
	android:name
		ADDED from src\main\AndroidManifest.xml:91:13-58
meta-data#com.google.firebase.messaging.default_notification_icon
ADDED from src\main\AndroidManifest.xml:97:9-99:50
	android:resource
		ADDED from src\main\AndroidManifest.xml:99:13-47
	android:name
		ADDED from src\main\AndroidManifest.xml:98:13-83
meta-data#com.google.firebase.messaging.default_notification_color
ADDED from src\main\AndroidManifest.xml:104:9-106:53
	android:resource
		ADDED from src\main\AndroidManifest.xml:106:13-50
	android:name
		ADDED from src\main\AndroidManifest.xml:105:13-84
activity#com.example.amalv.oneblood1.TrachActivity
ADDED from src\main\AndroidManifest.xml:108:9-51
	android:name
		ADDED from src\main\AndroidManifest.xml:108:19-48
activity#com.example.amalv.oneblood1.RequestActivity
ADDED from src\main\AndroidManifest.xml:109:9-53
	android:name
		ADDED from src\main\AndroidManifest.xml:109:19-50
receiver#com.example.amalv.oneblood1.MyBroadcastReceiver
ADDED from src\main\AndroidManifest.xml:111:9-57
	android:name
		ADDED from src\main\AndroidManifest.xml:111:19-54
activity#com.example.amalv.oneblood1.RequestListActivity
ADDED from src\main\AndroidManifest.xml:113:9-57
	android:name
		ADDED from src\main\AndroidManifest.xml:113:19-54
activity#com.example.amalv.oneblood1.AppointmentActivity
ADDED from src\main\AndroidManifest.xml:114:9-57
	android:name
		ADDED from src\main\AndroidManifest.xml:114:19-54
activity#com.example.amalv.oneblood1.LocateCampActivity
ADDED from src\main\AndroidManifest.xml:124:9-126:66
	android:label
		ADDED from src\main\AndroidManifest.xml:126:13-63
	android:name
		ADDED from src\main\AndroidManifest.xml:125:13-47
activity#com.example.amalv.oneblood1.TimeSlotsActivity
ADDED from src\main\AndroidManifest.xml:127:9-55
	android:name
		ADDED from src\main\AndroidManifest.xml:127:19-52
activity#com.example.amalv.oneblood1.BookedAppoinActivity
ADDED from src\main\AndroidManifest.xml:128:9-58
	android:name
		ADDED from src\main\AndroidManifest.xml:128:19-55
activity#com.example.amalv.oneblood1.GeneratedReqActivity
ADDED from src\main\AndroidManifest.xml:129:9-58
	android:name
		ADDED from src\main\AndroidManifest.xml:129:19-55
activity#com.example.amalv.oneblood1.RewardsListActivity
ADDED from src\main\AndroidManifest.xml:130:9-57
	android:name
		ADDED from src\main\AndroidManifest.xml:130:19-54
uses-sdk
INJECTED from src\main\AndroidManifest.xml reason: use-sdk injection requested
INJECTED from src\main\AndroidManifest.xml
INJECTED from src\main\AndroidManifest.xml